13:45:29 INFO  : Registering command handlers for SDK TCF services
13:45:29 ERROR : xsct server communication channel has closed unexpectedly.
java.net.SocketException: Connection reset
	at java.net.SocketInputStream.read(SocketInputStream.java:209)
	at java.net.SocketInputStream.read(SocketInputStream.java:141)
	at java.io.BufferedInputStream.read1(BufferedInputStream.java:284)
	at java.io.BufferedInputStream.read(BufferedInputStream.java:345)
	at java.io.FilterInputStream.read(FilterInputStream.java:107)
	at org.eclipse.tcf.core.ChannelTCP.get(ChannelTCP.java:185)
	at org.eclipse.tcf.core.StreamChannel.read(StreamChannel.java:84)
	at org.eclipse.tcf.core.AbstractChannel$1.run(AbstractChannel.java:327)
14:11:24 INFO  : Registering command handlers for SDK TCF services
14:11:25 INFO  : Launching XSCT server: xsct.bat -interactive C:\sam_work\git\digilent\Arty-Z7-20-linux_bd\sdk\temp_xsdb_launch_script.tcl
14:11:28 INFO  : XSCT server has started successfully.
14:11:31 INFO  : Successfully done setting XSCT server connection channel  
14:11:31 INFO  : Processing command line option -hwspec C:/sam_work/git/digilent/Arty-Z7-20-linux_bd/hw_handoff/linux_bd_wrapper.hdf.
14:11:31 INFO  : Successfully done setting SDK workspace  
14:34:28 INFO  : Connected to target on host '127.0.0.1' and port '3121'.
14:34:30 INFO  : Jtag cable 'Digilent Arty Z7 210346A40E3CA' is selected.
14:34:30 INFO  : 'jtag frequency' command is executed.
14:34:30 INFO  : Sourcing of 'C:/sam_work/git/digilent/Arty-Z7-20-linux_bd/sdk/linux_bd_wrapper_hw_platform_0/ps7_init.tcl' is done.
14:34:30 INFO  : Context for 'APU' is selected.
14:34:30 INFO  : System reset is completed.
14:34:33 INFO  : 'after 3000' command is executed.
14:34:34 INFO  : 'targets -set -filter {jtag_cable_name =~ "Digilent Arty Z7 210346A40E3CA" && level==0} -index 1' command is executed.
14:34:37 INFO  : FPGA configured successfully with bitstream "C:/sam_work/git/digilent/Arty-Z7-20-linux_bd/sdk/linux_bd_wrapper_hw_platform_0/linux_bd_wrapper.bit"
14:34:37 INFO  : Context for 'APU' is selected.
14:34:37 INFO  : Hardware design information is loaded from 'C:/sam_work/git/digilent/Arty-Z7-20-linux_bd/sdk/linux_bd_wrapper_hw_platform_0/system.hdf'.
14:34:37 INFO  : Context for 'APU' is selected.
14:34:38 INFO  : 'ps7_init' command is executed.
14:34:38 INFO  : 'ps7_post_config' command is executed.
14:34:38 INFO  : Context for processor 'ps7_cortexa9_0' is selected.
14:34:39 INFO  : The application 'C:/sam_work/git/digilent/Arty-Z7-20-linux_bd/sdk/video/Debug/video.elf' is downloaded to processor 'ps7_cortexa9_0'.
14:34:39 INFO  : ----------------XSDB Script----------------
connect -url tcp:127.0.0.1:3121
source C:/sam_work/git/digilent/Arty-Z7-20-linux_bd/sdk/linux_bd_wrapper_hw_platform_0/ps7_init.tcl
targets -set -nocase -filter {name =~"APU*" && jtag_cable_name =~ "Digilent Arty Z7 210346A40E3CA"} -index 0
rst -system
after 3000
targets -set -filter {jtag_cable_name =~ "Digilent Arty Z7 210346A40E3CA" && level==0} -index 1
fpga -file C:/sam_work/git/digilent/Arty-Z7-20-linux_bd/sdk/linux_bd_wrapper_hw_platform_0/linux_bd_wrapper.bit
targets -set -nocase -filter {name =~"APU*" && jtag_cable_name =~ "Digilent Arty Z7 210346A40E3CA"} -index 0
loadhw C:/sam_work/git/digilent/Arty-Z7-20-linux_bd/sdk/linux_bd_wrapper_hw_platform_0/system.hdf
targets -set -nocase -filter {name =~"APU*" && jtag_cable_name =~ "Digilent Arty Z7 210346A40E3CA"} -index 0
ps7_init
ps7_post_config
targets -set -nocase -filter {name =~ "ARM*#0" && jtag_cable_name =~ "Digilent Arty Z7 210346A40E3CA"} -index 0
dow C:/sam_work/git/digilent/Arty-Z7-20-linux_bd/sdk/video/Debug/video.elf
----------------End of Script----------------

14:34:39 INFO  : Memory regions updated for context APU
14:34:39 INFO  : Context for processor 'ps7_cortexa9_0' is selected.
14:34:39 INFO  : 'con' command is executed.
14:34:39 INFO  : ----------------XSDB Script (After Launch)----------------
targets -set -nocase -filter {name =~ "ARM*#0" && jtag_cable_name =~ "Digilent Arty Z7 210346A40E3CA"} -index 0
con
----------------End of Script----------------

14:34:39 INFO  : Launch script is exported to file 'C:\sam_work\git\digilent\Arty-Z7-20-linux_bd\sdk\.sdk\launch_scripts\xilinx_c-c++_application_(system_debugger)\system_debugger_using_debug_video.elf_on_local.tcl'
